app/build/intermediates/manifest_merge_blame_file/debug/manifest-merger-blame-debug-report.txt
1<?xml version="1.0" encoding="utf-8"?>
2<manifest xmlns:android="http://schemas.android.com/apk/res/android"
3    package="me.jfenn.attriboutersample"
4    android:versionCode="1"
5    android:versionName="1.0" >
6
7    <uses-sdk
8        android:minSdkVersion="15"
8-->src\main\AndroidManifest.xml
9        android:targetSdkVersion="28" />
9-->src\main\AndroidManifest.xml
10
11    <uses-permission android:name="android.permission.INTERNET" />
11-->[:attribouter] AndroidManifest.xml:11:5-67
11-->[:attribouter] AndroidManifest.xml:11:22-64
12
13    <application
13-->src\main\AndroidManifest.xml:4:5-19:19
14        android:allowBackup="true"
14-->src\main\AndroidManifest.xml:5:9-35
15        android:appComponentFactory="androidx.core.app.CoreComponentFactory"
15-->[androidx.core:core:1.0.0] AndroidManifest.xml:22:18-86
16        android:debuggable="true"
17        android:icon="@mipmap/tathva"
17-->src\main\AndroidManifest.xml:7:9-38
18        android:label="@string/Tathva"
18-->src\main\AndroidManifest.xml:6:9-39
19        android:roundIcon="@mipmap/tathva_round"
19-->src\main\AndroidManifest.xml:8:9-49
20        android:supportsRtl="true"
20-->src\main\AndroidManifest.xml:9:9-35
21        android:theme="@style/AppTheme" >
21-->src\main\AndroidManifest.xml:10:9-40
22        <activity android:name="me.jfenn.attriboutersample.MainActivity" >
22-->src\main\AndroidManifest.xml:12:9-17:20
22-->src\main\AndroidManifest.xml:12:19-47
23            <intent-filter>
23-->src\main\AndroidManifest.xml:13:13-16:29
24                <action android:name="android.intent.action.MAIN" />
24-->src\main\AndroidManifest.xml:14:17-69
24-->src\main\AndroidManifest.xml:14:25-66
25
26                <category android:name="android.intent.category.LAUNCHER" />
26-->src\main\AndroidManifest.xml:15:17-77
26-->src\main\AndroidManifest.xml:15:27-74
27            </intent-filter>
28        </activity>
29        <activity
29-->[:attribouter] AndroidManifest.xml:14:9-16:55
30            android:name="me.jfenn.attribouter.activities.AboutActivity"
30-->[:attribouter] AndroidManifest.xml:15:13-73
31            android:theme="@style/AttribouterTheme" />
31-->[:attribouter] AndroidManifest.xml:16:13-52
32    </application>
33
34</manifest>